2009.09.21 20:12 A C:\Users\mel01\Documents\webdesign\psychicsong\default.html --> ftp.psychicsong.com /public_html default.html
2009.09.21 20:36 A C:\Users\mel01\Documents\webdesign\psychicsong\contact.html --> ftp.psychicsong.com /public_html contact.html
2009.09.21 20:36 A C:\Users\mel01\Documents\webdesign\psychicsong\default.html --> ftp.psychicsong.com /public_html default.html
2009.09.21 20:36 A C:\Users\mel01\Documents\webdesign\psychicsong\mystory.html --> ftp.psychicsong.com /public_html mystory.html
2009.09.21 20:36 A C:\Users\mel01\Documents\webdesign\psychicsong\newsletters.html --> ftp.psychicsong.com /public_html newsletters.html
2009.09.21 20:36 A C:\Users\mel01\Documents\webdesign\psychicsong\testimonials.html --> ftp.psychicsong.com /public_html testimonials.html
2009.09.21 20:36 A C:\Users\mel01\Documents\webdesign\psychicsong\services.html --> ftp.psychicsong.com /public_html services.html
2009.10.10 15:49 A C:\Users\mel01\Documents\webdesign\psychicsong\default.html --> ftp.psychicsong.com /public_html default.html
2009.10.10 16:01 A C:\Users\mel01\Documents\webdesign\psychicsong\default.html --> ftp.psychicsong.com /public_html default.html
2009.10.10 16:10 A C:\Users\mel01\Documents\webdesign\psychicsong\default.html --> ftp.psychicsong.com /public_html default.html
2009.10.10 16:32 A C:\Users\mel01\Documents\webdesign\psychicsong\services.html --> ftp.psychicsong.com /public_html services.html
2009.10.10 16:32 A C:\Users\mel01\Documents\webdesign\psychicsong\testimonials.html --> ftp.psychicsong.com /public_html testimonials.html
2009.10.10 16:32 A C:\Users\mel01\Documents\webdesign\psychicsong\newsletters.html --> ftp.psychicsong.com /public_html newsletters.html
2009.10.10 16:32 A C:\Users\mel01\Documents\webdesign\psychicsong\mystory.html --> ftp.psychicsong.com /public_html mystory.html
2009.10.10 16:32 A C:\Users\mel01\Documents\webdesign\psychicsong\default.html --> ftp.psychicsong.com /public_html default.html
2009.10.10 16:32 A C:\Users\mel01\Documents\webdesign\psychicsong\contact.html --> ftp.psychicsong.com /public_html contact.html
2009.10.11 12:46 A C:\Users\mel01\Documents\webdesign\psychicsong\contact.html --> ftp.psychicsong.com /public_html contact.html
2009.10.12 11:51 A C:\Users\mel01\Documents\webdesign\psychicsong\testimonials.html --> ftp.psychicsong.com /public_html testimonials.html
2009.10.12 11:51 A C:\Users\mel01\Documents\webdesign\psychicsong\newsletters.html --> ftp.psychicsong.com /public_html newsletters.html
2009.10.12 11:51 A C:\Users\mel01\Documents\webdesign\psychicsong\default.html --> ftp.psychicsong.com /public_html default.html
2009.10.12 11:51 A C:\Users\mel01\Documents\webdesign\psychicsong\services.html --> ftp.psychicsong.com /public_html services.html
2009.10.12 11:51 A C:\Users\mel01\Documents\webdesign\psychicsong\mystory.html --> ftp.psychicsong.com /public_html mystory.html
2009.10.12 11:51 A C:\Users\mel01\Documents\webdesign\psychicsong\contact.html --> ftp.psychicsong.com /public_html contact.html
2009.10.12 12:01 A C:\Users\mel01\Documents\webdesign\psychicsong\default.html --> ftp.psychicsong.com /public_html default.html
2009.10.12 12:02 A C:\Users\mel01\Documents\webdesign\psychicsong\default.html --> ftp.psychicsong.com /public_html/pdf default.html
2009.10.12 12:02 A C:\Users\mel01\Documents\webdesign\psychicsong\default.html --> ftp.psychicsong.com /public_html default.html
2009.10.12 12:23 B C:\Users\mel01\Documents\webdesign\psychicsong\favicon.ico --> ftp.psychicsong.com /public_html favicon.ico
2009.10.17 12:57 A C:\Users\mel01\Documents\webdesign\psychicsong\default.html --> ftp.psychicsong.com /public_html default.html
2009.10.17 13:02 A C:\Users\mel01\Documents\webdesign\psychicsong\services.html --> ftp.psychicsong.com /public_html services.html
2009.10.21 17:47 A C:\Users\mel01\Documents\webdesign\psychicsong\testimonials.html --> ftp.psychicsong.com /public_html testimonials.html
2009.10.21 17:47 A C:\Users\mel01\Documents\webdesign\psychicsong\services.html --> ftp.psychicsong.com /public_html services.html
2009.10.21 17:47 A C:\Users\mel01\Documents\webdesign\psychicsong\newsletters.html --> ftp.psychicsong.com /public_html newsletters.html
2009.10.21 17:47 A C:\Users\mel01\Documents\webdesign\psychicsong\mystory.html --> ftp.psychicsong.com /public_html mystory.html
2009.10.21 17:47 A C:\Users\mel01\Documents\webdesign\psychicsong\default.html --> ftp.psychicsong.com /public_html default.html
2009.10.21 17:47 A C:\Users\mel01\Documents\webdesign\psychicsong\contact.html --> ftp.psychicsong.com /public_html contact.html
2009.10.31 15:03 A C:\Users\mel01\Documents\webdesign\psychicsong\default.html --> ftp.psychicsong.com /public_html default.html
2009.10.31 15:03 A C:\Users\mel01\Documents\webdesign\psychicsong\events.html --> ftp.psychicsong.com /public_html events.html
2009.10.31 15:03 A C:\Users\mel01\Documents\webdesign\psychicsong\testimonials.html --> ftp.psychicsong.com /public_html testimonials.html
2009.10.31 15:03 A C:\Users\mel01\Documents\webdesign\psychicsong\services.html --> ftp.psychicsong.com /public_html services.html
2009.10.31 15:03 A C:\Users\mel01\Documents\webdesign\psychicsong\newsletters.html --> ftp.psychicsong.com /public_html newsletters.html
2009.10.31 15:03 A C:\Users\mel01\Documents\webdesign\psychicsong\mystory.html --> ftp.psychicsong.com /public_html mystory.html
2009.10.31 15:03 A C:\Users\mel01\Documents\webdesign\psychicsong\contact.html --> ftp.psychicsong.com /public_html contact.html
2009.11.26 19:49 A C:\Users\mel01\Documents\webdesign\psychicsong\default.html --> ftp.psychicsong.com /public_html default.html
2009.11.27 06:44 A C:\Users\mel01\Documents\webdesign\psychicsong\default.html --> ftp.psychicsong.com /public_html default.html
2009.11.29 09:23 A C:\Users\mel01\Documents\webdesign\psychicsong\map.html --> ftp.psychicsong.com /public_html map.html
2009.11.29 09:23 A C:\Users\mel01\Documents\webdesign\psychicsong\default.html --> ftp.psychicsong.com /public_html default.html
2009.11.29 09:24 A C:\Users\mel01\Documents\webdesign\psychicsong\default.html --> ftp.psychicsong.com /public_html default.html
2009.11.29 09:28 A C:\Users\mel01\Documents\webdesign\psychicsong\default.html --> ftp.psychicsong.com /public_html default.html
2009.11.29 09:29 A C:\Users\mel01\Documents\webdesign\psychicsong\default.html --> ftp.psychicsong.com /public_html default.html
2010.01.19 16:25 A C:\Users\mel01\Documents\webdesign\psychicsong\default.html --> ftp.psychicsong.com /public_html default.html
2010.01.19 16:25 A C:\Users\mel01\Documents\webdesign\psychicsong\newsletters.html --> ftp.psychicsong.com /public_html newsletters.html
2010.01.20 07:12 A C:\Users\mel01\Documents\webdesign\psychicsong\calendar.html --> ftp.psychicsong.com /public_html calendar.html
2010.01.20 07:12 A C:\Users\mel01\Documents\webdesign\psychicsong\contact.html --> ftp.psychicsong.com /public_html contact.html
2010.01.20 07:12 A C:\Users\mel01\Documents\webdesign\psychicsong\default.html --> ftp.psychicsong.com /public_html default.html
2010.01.20 07:12 A C:\Users\mel01\Documents\webdesign\psychicsong\events.html --> ftp.psychicsong.com /public_html events.html
2010.01.20 07:12 A C:\Users\mel01\Documents\webdesign\psychicsong\map.html --> ftp.psychicsong.com /public_html map.html
2010.01.20 07:12 A C:\Users\mel01\Documents\webdesign\psychicsong\mystory.html --> ftp.psychicsong.com /public_html mystory.html
2010.01.20 07:12 A C:\Users\mel01\Documents\webdesign\psychicsong\newsletters.html --> ftp.psychicsong.com /public_html newsletters.html
2010.01.20 07:12 A C:\Users\mel01\Documents\webdesign\psychicsong\ps.zip --> ftp.psychicsong.com /public_html ps.zip
2010.01.20 07:12 A C:\Users\mel01\Documents\webdesign\psychicsong\calendar.html --> ftp.psychicsong.com /public_html calendar.html
2010.01.20 07:12 A C:\Users\mel01\Documents\webdesign\psychicsong\default.html --> ftp.psychicsong.com /public_html default.html
2010.01.20 07:12 A C:\Users\mel01\Documents\webdesign\psychicsong\testimonials.html --> ftp.psychicsong.com /public_html testimonials.html
2010.01.20 07:12 A C:\Users\mel01\Documents\webdesign\psychicsong\services.html --> ftp.psychicsong.com /public_html services.html
2010.01.20 07:12 A C:\Users\mel01\Documents\webdesign\psychicsong\newsletters.html --> ftp.psychicsong.com /public_html newsletters.html
2010.01.20 07:12 A C:\Users\mel01\Documents\webdesign\psychicsong\mystory.html --> ftp.psychicsong.com /public_html mystory.html
2010.01.20 07:12 A C:\Users\mel01\Documents\webdesign\psychicsong\map.html --> ftp.psychicsong.com /public_html map.html
2010.01.20 07:12 A C:\Users\mel01\Documents\webdesign\psychicsong\events.html --> ftp.psychicsong.com /public_html events.html
2010.01.20 07:12 A C:\Users\mel01\Documents\webdesign\psychicsong\contact.html --> ftp.psychicsong.com /public_html contact.html
2010.03.02 16:07 A C:\Users\mel01\Documents\webdesign\psychicsong\energyexpo.html --> ftp.psychicsong.com /public_html energyexpo.html
2010.03.02 16:07 A C:\Users\mel01\Documents\webdesign\psychicsong\calendar.html --> ftp.psychicsong.com /public_html calendar.html
2010.03.02 16:07 A C:\Users\mel01\Documents\webdesign\psychicsong\testimonials.html --> ftp.psychicsong.com /public_html testimonials.html
2010.03.02 16:07 A C:\Users\mel01\Documents\webdesign\psychicsong\services.html --> ftp.psychicsong.com /public_html services.html
2010.03.02 16:07 A C:\Users\mel01\Documents\webdesign\psychicsong\newsletters.html --> ftp.psychicsong.com /public_html newsletters.html
2010.03.02 16:07 A C:\Users\mel01\Documents\webdesign\psychicsong\mystory.html --> ftp.psychicsong.com /public_html mystory.html
2010.03.02 16:07 A C:\Users\mel01\Documents\webdesign\psychicsong\map.html --> ftp.psychicsong.com /public_html map.html
2010.03.02 16:07 A C:\Users\mel01\Documents\webdesign\psychicsong\events.html --> ftp.psychicsong.com /public_html events.html
2010.03.02 16:07 A C:\Users\mel01\Documents\webdesign\psychicsong\default.html --> ftp.psychicsong.com /public_html default.html
2010.03.02 16:07 A C:\Users\mel01\Documents\webdesign\psychicsong\contact.html --> ftp.psychicsong.com /public_html contact.html
2010.03.02 16:10 A C:\Users\mel01\Documents\webdesign\psychicsong\testimonials.html --> ftp.psychicsong.com /public_html testimonials.html
2010.03.02 16:10 A C:\Users\mel01\Documents\webdesign\psychicsong\services.html --> ftp.psychicsong.com /public_html services.html
2010.03.02 16:10 A C:\Users\mel01\Documents\webdesign\psychicsong\map.html --> ftp.psychicsong.com /public_html map.html
2010.03.02 16:10 A C:\Users\mel01\Documents\webdesign\psychicsong\events.html --> ftp.psychicsong.com /public_html events.html
2010.03.02 16:10 A C:\Users\mel01\Documents\webdesign\psychicsong\default.html --> ftp.psychicsong.com /public_html default.html
2010.03.02 16:10 A C:\Users\mel01\Documents\webdesign\psychicsong\contact.html --> ftp.psychicsong.com /public_html contact.html
2010.03.02 16:10 A C:\Users\mel01\Documents\webdesign\psychicsong\calendar.html --> ftp.psychicsong.com /public_html calendar.html
2010.03.02 16:10 A C:\Users\mel01\Documents\webdesign\psychicsong\energyexpo.html --> ftp.psychicsong.com /public_html energyexpo.html
2010.03.02 16:10 A C:\Users\mel01\Documents\webdesign\psychicsong\newsletters.html --> ftp.psychicsong.com /public_html newsletters.html
2010.03.02 16:10 A C:\Users\mel01\Documents\webdesign\psychicsong\mystory.html --> ftp.psychicsong.com /public_html mystory.html
2010.03.02 16:10 A C:\Users\mel01\Documents\webdesign\psychicsong\services_2.html --> ftp.psychicsong.com /public_html services_2.html
2010.03.02 16:12 A C:\Users\mel01\Documents\webdesign\psychicsong\newsletters.html --> ftp.psychicsong.com /public_html newsletters.html
2010.03.02 16:12 A C:\Users\mel01\Documents\webdesign\psychicsong\mystory.html --> ftp.psychicsong.com /public_html mystory.html
2010.03.02 16:12 A C:\Users\mel01\Documents\webdesign\psychicsong\energyexpo.html --> ftp.psychicsong.com /public_html energyexpo.html
2010.04.08 07:49 A C:\Users\mel01\Documents\webdesign\psychicsong\default.html --> ftp.psychicsong.com /public_html default.html
2010.04.15 07:14 A C:\Users\mel01\Documents\webdesign\psychicsong\testimonials.html --> ftp.psychicsong.com /public_html testimonials.html
2010.04.15 07:14 A C:\Users\mel01\Documents\webdesign\psychicsong\services.html --> ftp.psychicsong.com /public_html services.html
2010.04.15 07:14 A C:\Users\mel01\Documents\webdesign\psychicsong\newsletters.html --> ftp.psychicsong.com /public_html newsletters.html
2010.04.15 07:14 A C:\Users\mel01\Documents\webdesign\psychicsong\mystory.html --> ftp.psychicsong.com /public_html mystory.html
2010.04.15 07:14 A C:\Users\mel01\Documents\webdesign\psychicsong\map.html --> ftp.psychicsong.com /public_html map.html
2010.04.15 07:14 A C:\Users\mel01\Documents\webdesign\psychicsong\events.html --> ftp.psychicsong.com /public_html events.html
2010.04.15 07:14 A C:\Users\mel01\Documents\webdesign\psychicsong\energyexpo.html --> ftp.psychicsong.com /public_html energyexpo.html
2010.04.15 07:14 A C:\Users\mel01\Documents\webdesign\psychicsong\default.html --> ftp.psychicsong.com /public_html default.html
2010.04.15 07:14 A C:\Users\mel01\Documents\webdesign\psychicsong\contact.html --> ftp.psychicsong.com /public_html contact.html
2010.04.15 07:14 A C:\Users\mel01\Documents\webdesign\psychicsong\calendar.html --> ftp.psychicsong.com /public_html calendar.html
2010.05.05 17:33 A C:\Users\mel01\Documents\webdesign\psychicsong\calendar.html --> ftp.psychicsong.com /public_html calendar.html
2010.08.29 09:53 A C:\Users\mel01\Documents\webdesign\psychicsong\testimonials.html --> ftp.psychicsong.com /public_html testimonials.html
2010.08.29 09:53 A C:\Users\mel01\Documents\webdesign\psychicsong\mystory.html --> ftp.psychicsong.com /public_html mystory.html
2010.08.29 09:53 A C:\Users\mel01\Documents\webdesign\psychicsong\calendar.html --> ftp.psychicsong.com /public_html calendar.html
2010.08.29 09:53 A C:\Users\mel01\Documents\webdesign\psychicsong\contact.html --> ftp.psychicsong.com /public_html contact.html
2010.08.29 09:53 A C:\Users\mel01\Documents\webdesign\psychicsong\default.html --> ftp.psychicsong.com /public_html default.html
2010.08.29 09:53 A C:\Users\mel01\Documents\webdesign\psychicsong\newsletters.html --> ftp.psychicsong.com /public_html newsletters.html
2010.08.29 09:53 A C:\Users\mel01\Documents\webdesign\psychicsong\services.html --> ftp.psychicsong.com /public_html services.html
2010.08.29 09:53 A C:\Users\mel01\Documents\webdesign\psychicsong\map.html --> ftp.psychicsong.com /public_html map.html
2010.08.29 09:53 A C:\Users\mel01\Documents\webdesign\psychicsong\events.html --> ftp.psychicsong.com /public_html events.html
2010.08.29 09:55 A C:\Users\mel01\Documents\webdesign\psychicsong\newsletters.html --> ftp.psychicsong.com /public_html newsletters.html
2010.08.29 09:55 A C:\Users\mel01\Documents\webdesign\psychicsong\default.html --> ftp.psychicsong.com /public_html default.html
2010.08.29 09:56 A C:\Users\mel01\Documents\webdesign\psychicsong\map.html --> ftp.psychicsong.com /public_html map.html
2010.09.28 19:50 A C:\Users\mel01\Documents\webdesign\psychicsong\upload_test.html --> ftp.psychicsong.com /public_html upload_test.html
2010.09.28 19:51 A C:\Users\mel01\Documents\webdesign\psychicsong\upload_test.php --> ftp.psychicsong.com /public_html upload_test.php
2010.09.28 19:53 A C:\Users\mel01\Documents\webdesign\psychicsong\file.txt --> ftp.psychicsong.com /public_html file.txt
2010.09.28 20:00 A C:\Users\mel01\Documents\webdesign\psychicsong\fetch.php --> ftp.psychicsong.com /public_html fetch.php
2010.09.28 20:00 A C:\Users\mel01\Documents\webdesign\psychicsong\upload.php --> ftp.psychicsong.com /public_html upload.php
2010.09.28 20:01 A C:\Users\mel01\Documents\webdesign\psychicsong\fetch.php --> ftp.psychicsong.com /public_html fetch.php
2010.09.28 20:03 A C:\Users\mel01\Documents\webdesign\psychicsong\upload.php --> ftp.psychicsong.com /public_html upload.php
2010.09.28 20:04 A C:\Users\mel01\Documents\webdesign\psychicsong\upload.php --> ftp.psychicsong.com /public_html upload.php
2010.09.28 20:16 A C:\Users\mel01\Documents\webdesign\psychicsong\upload_test.php --> ftp.psychicsong.com /public_html upload_test.php
2010.09.28 20:16 A C:\Users\mel01\Documents\webdesign\psychicsong\fetch.php --> ftp.psychicsong.com /public_html fetch.php
2010.09.28 20:16 A C:\Users\mel01\Documents\webdesign\psychicsong\upload.php --> ftp.psychicsong.com /public_html upload.php
2010.09.28 20:18 A C:\Users\mel01\Documents\webdesign\psychicsong\fetch.php --> ftp.psychicsong.com /public_html fetch.php
2010.09.28 20:19 A C:\Users\mel01\Documents\webdesign\psychicsong\fetch.php --> ftp.psychicsong.com /public_html fetch.php
2010.09.28 20:22 A C:\Users\mel01\Documents\webdesign\psychicsong\fetch.php --> ftp.psychicsong.com /public_html fetch.php
2010.09.28 20:23 A C:\Users\mel01\Documents\webdesign\psychicsong\fetch.php --> ftp.psychicsong.com /public_html fetch.php
2010.09.28 20:24 A C:\Users\mel01\Documents\webdesign\psychicsong\fetch.php --> ftp.psychicsong.com /public_html fetch.php
2010.09.28 20:25 A C:\Users\mel01\Documents\webdesign\psychicsong\upload.php --> ftp.psychicsong.com /public_html upload.php
2010.09.28 20:28 A C:\Users\mel01\Documents\webdesign\psychicsong\upload.php --> ftp.psychicsong.com /public_html upload.php
2010.09.28 20:29 A C:\Users\mel01\Documents\webdesign\psychicsong\upload.php --> ftp.psychicsong.com /public_html upload.php
2010.09.28 20:29 A C:\Users\mel01\Documents\webdesign\psychicsong\upload.php --> ftp.psychicsong.com /public_html upload.php
2010.10.01 18:45 A C:\Users\mel01\Documents\webdesign\psychicsong\upload_test.php --> ftp.psychicsong.com /public_html upload_test.php
2010.10.05 18:18 A C:\Users\mel01\Documents\webdesign\psychicsong\fetch.php --> ftp.psychicsong.com /public_html fetch.php
2010.10.05 18:22 A C:\Users\mel01\Documents\webdesign\psychicsong\fetch.php --> ftp.psychicsong.com /public_html fetch.php
2010.11.10 20:45 A C:\Users\mel01\Documents\webdesign\psychicsong\default.html --> ftp.psychicsong.com /public_html default.html
2010.11.29 11:25 A C:\Users\mel01\Documents\webdesign\psychicsong\default.html --> ftp.psychicsong.com /public_html default.html
2010.11.29 11:25 A C:\Users\mel01\Documents\webdesign\psychicsong\testimonials.html --> ftp.psychicsong.com /public_html testimonials.html
2010.11.29 11:25 A C:\Users\mel01\Documents\webdesign\psychicsong\services.html --> ftp.psychicsong.com /public_html services.html
2010.11.29 11:25 A C:\Users\mel01\Documents\webdesign\psychicsong\newsletters.html --> ftp.psychicsong.com /public_html newsletters.html
2010.11.29 11:25 A C:\Users\mel01\Documents\webdesign\psychicsong\mystory.html --> ftp.psychicsong.com /public_html mystory.html
2010.11.29 11:25 A C:\Users\mel01\Documents\webdesign\psychicsong\map.html --> ftp.psychicsong.com /public_html map.html
2010.11.29 11:25 A C:\Users\mel01\Documents\webdesign\psychicsong\events.html --> ftp.psychicsong.com /public_html events.html
2010.11.29 11:25 A C:\Users\mel01\Documents\webdesign\psychicsong\energyexpo.html --> ftp.psychicsong.com /public_html energyexpo.html
2010.11.29 11:25 A C:\Users\mel01\Documents\webdesign\psychicsong\contact.html --> ftp.psychicsong.com /public_html contact.html
2010.11.29 11:25 A C:\Users\mel01\Documents\webdesign\psychicsong\calendar.html --> ftp.psychicsong.com /public_html calendar.html
2010.11.29 11:27 A C:\Users\mel01\Documents\webdesign\psychicsong\default.html --> ftp.psychicsong.com /public_html default.html
2010.11.29 11:28 A C:\Users\mel01\Documents\webdesign\psychicsong\default.html --> ftp.psychicsong.com /public_html default.html
2010.11.29 11:29 A C:\Users\mel01\Documents\webdesign\psychicsong\default.html --> ftp.psychicsong.com /public_html default.html
2010.11.29 12:20 A C:\Users\mel01\Documents\webdesign\psychicsong\chakra.php --> ftp.psychicsong.com /public_html chakra.php
2010.11.29 12:22 A C:\Users\mel01\Documents\webdesign\psychicsong\chakra.php --> ftp.psychicsong.com /public_html chakra.php
2010.11.29 12:23 A C:\Users\mel01\Documents\webdesign\psychicsong\chakra.php --> ftp.psychicsong.com /public_html chakra.php
2010.11.29 12:24 A C:\Users\mel01\Documents\webdesign\psychicsong\chakra.php --> ftp.psychicsong.com /public_html chakra.php
2010.11.29 12:25 A C:\Users\mel01\Documents\webdesign\psychicsong\chakra.php --> ftp.psychicsong.com /public_html chakra.php
2010.11.29 12:48 B C:\Users\mel01\Documents\webdesign\psychicsong\chakra.php --> ftp.psychicsong.com /public_html chakra.php
2010.11.29 12:48 A C:\Users\mel01\Documents\webdesign\psychicsong\chakra.php --> ftp.psychicsong.com /public_html chakra.php
2010.11.29 12:57 A C:\Users\mel01\Documents\webdesign\psychicsong\testimonials.html --> ftp.psychicsong.com /public_html testimonials.html
2010.11.29 12:57 A C:\Users\mel01\Documents\webdesign\psychicsong\services.html --> ftp.psychicsong.com /public_html services.html
2010.11.29 12:57 A C:\Users\mel01\Documents\webdesign\psychicsong\newsletters.html --> ftp.psychicsong.com /public_html newsletters.html
2010.11.29 12:57 A C:\Users\mel01\Documents\webdesign\psychicsong\mystory.html --> ftp.psychicsong.com /public_html mystory.html
2010.11.29 12:57 A C:\Users\mel01\Documents\webdesign\psychicsong\map.html --> ftp.psychicsong.com /public_html map.html
2010.11.29 12:57 A C:\Users\mel01\Documents\webdesign\psychicsong\events.html --> ftp.psychicsong.com /public_html events.html
2010.11.29 12:57 A C:\Users\mel01\Documents\webdesign\psychicsong\energyexpo.html --> ftp.psychicsong.com /public_html energyexpo.html
2010.11.29 12:57 A C:\Users\mel01\Documents\webdesign\psychicsong\default.html --> ftp.psychicsong.com /public_html default.html
2010.11.29 12:57 A C:\Users\mel01\Documents\webdesign\psychicsong\contact.html --> ftp.psychicsong.com /public_html contact.html
2010.11.29 12:57 A C:\Users\mel01\Documents\webdesign\psychicsong\calendar.html --> ftp.psychicsong.com /public_html calendar.html
2010.11.29 13:02 A C:\Users\mel01\Documents\webdesign\psychicsong\chakra.php --> ftp.psychicsong.com /public_html chakra.php
2010.11.29 15:10 A C:\Users\mel01\Documents\webdesign\psychicsong\default.html --> ftp.psychicsong.com /public_html default.html
2010.11.29 15:10 A C:\Users\mel01\Documents\webdesign\psychicsong\upload_test.php --> ftp.psychicsong.com /public_html upload_test.php
2010.11.29 15:10 A C:\Users\mel01\Documents\webdesign\psychicsong\testimonials.html --> ftp.psychicsong.com /public_html testimonials.html
2010.11.29 15:10 A C:\Users\mel01\Documents\webdesign\psychicsong\services.html --> ftp.psychicsong.com /public_html services.html
2010.11.29 15:10 A C:\Users\mel01\Documents\webdesign\psychicsong\newsletters.html --> ftp.psychicsong.com /public_html newsletters.html
2010.11.29 15:10 A C:\Users\mel01\Documents\webdesign\psychicsong\mystory.html --> ftp.psychicsong.com /public_html mystory.html
2010.11.29 15:10 A C:\Users\mel01\Documents\webdesign\psychicsong\map.html --> ftp.psychicsong.com /public_html map.html
2010.11.29 15:10 A C:\Users\mel01\Documents\webdesign\psychicsong\events.html --> ftp.psychicsong.com /public_html events.html
2010.11.29 15:10 A C:\Users\mel01\Documents\webdesign\psychicsong\energyexpo.html --> ftp.psychicsong.com /public_html energyexpo.html
2010.11.29 15:10 A C:\Users\mel01\Documents\webdesign\psychicsong\contact.html --> ftp.psychicsong.com /public_html contact.html
2010.11.29 15:10 A C:\Users\mel01\Documents\webdesign\psychicsong\calendar.html --> ftp.psychicsong.com /public_html calendar.html
2010.11.29 15:11 A C:\Users\mel01\Documents\webdesign\psychicsong\default.html --> ftp.psychicsong.com /public_html default.html
2010.12.07 18:19 B C:\Users\mel01\Documents\webdesign\psychicsong\chakra.php --> ftp.psychicsong.com /public_html chakra.php
2010.12.07 18:24 A C:\Users\mel01\Documents\webdesign\psychicsong\chakra.php --> ftp.psychicsong.com /public_html chakra.php
2010.12.07 18:25 A C:\Users\mel01\Documents\webdesign\psychicsong\chakra.php --> ftp.psychicsong.com /public_html chakra.php
2010.12.07 18:26 A C:\Users\mel01\Documents\webdesign\psychicsong\chakra.php --> ftp.psychicsong.com /public_html chakra.php
2010.12.07 18:28 A C:\Users\mel01\Documents\webdesign\psychicsong\chakra.php --> ftp.psychicsong.com /public_html chakra.php
2010.12.07 18:28 A C:\Users\mel01\Documents\webdesign\psychicsong\chakra.inc.php --> ftp.psychicsong.com /public_html chakra.inc.php
2010.12.07 18:29 A C:\Users\mel01\Documents\webdesign\psychicsong\chakra.inc.php --> ftp.psychicsong.com /public_html chakra.inc.php
2010.12.07 18:30 A C:\Users\mel01\Documents\webdesign\psychicsong\chakra.inc.php --> ftp.psychicsong.com /public_html chakra.inc.php
2010.12.20 08:47 A C:\Users\mel01\Documents\webdesign\psychicsong\chakra.inc.php --> ftp.psychicsong.com /public_html chakra.inc.php
2010.12.20 08:50 A C:\Users\mel01\Documents\webdesign\psychicsong\chakra.inc.php --> ftp.psychicsong.com /public_html chakra.inc.php
2010.12.20 08:54 A C:\Users\mel01\Documents\webdesign\psychicsong\chakra.inc.php --> ftp.psychicsong.com /public_html chakra.inc.php
2010.12.20 08:55 A C:\Users\mel01\Documents\webdesign\psychicsong\chakra.inc.php --> ftp.psychicsong.com /public_html chakra.inc.php
2010.12.20 09:00 A C:\Users\mel01\Documents\webdesign\psychicsong\chakra.inc.php --> ftp.psychicsong.com /public_html chakra.inc.php
2010.12.20 09:04 A C:\Users\mel01\Documents\webdesign\psychicsong\chakra2.php --> ftp.psychicsong.com /public_html chakra2.php
2010.12.20 09:10 A C:\Users\mel01\Documents\webdesign\psychicsong\chakra.inc.php --> ftp.psychicsong.com /public_html chakra.inc.php
2010.12.20 09:10 A C:\Users\mel01\Documents\webdesign\psychicsong\chakra.inc.php --> ftp.psychicsong.com /public_html chakra.inc.php
2010.12.20 09:11 A C:\Users\mel01\Documents\webdesign\psychicsong\chakra.php --> ftp.psychicsong.com /public_html chakra.php
2010.12.20 09:12 A C:\Users\mel01\Documents\webdesign\psychicsong\chakra.php --> ftp.psychicsong.com /public_html chakra.php
2010.12.20 09:17 A C:\Users\mel01\Documents\webdesign\psychicsong\chakra.inc.php --> ftp.psychicsong.com /public_html chakra.inc.php
2010.12.20 09:19 A C:\Users\mel01\Documents\webdesign\psychicsong\chakra.inc.php --> ftp.psychicsong.com /public_html chakra.inc.php
2010.12.20 09:20 A C:\Users\mel01\Documents\webdesign\psychicsong\chakra.inc.php --> ftp.psychicsong.com /public_html chakra.inc.php
