2010.11.29 12:04 B C:\Users\mel01\Documents\webdesign\psychicsong\cards\insight.pdf --> ftp.psychicsong.com /public_html/cards insight.pdf
2010.11.29 12:04 B C:\Users\mel01\Documents\webdesign\psychicsong\cards\connection.pdf --> ftp.psychicsong.com /public_html/cards connection.pdf
2010.11.29 12:04 B C:\Users\mel01\Documents\webdesign\psychicsong\cards\believe.pdf --> ftp.psychicsong.com /public_html/cards believe.pdf
2010.11.29 12:04 B C:\Users\mel01\Documents\webdesign\psychicsong\cards\perception.pdf --> ftp.psychicsong.com /public_html/cards perception.pdf
2010.11.29 12:04 B C:\Users\mel01\Documents\webdesign\psychicsong\cards\intuition.pdf --> ftp.psychicsong.com /public_html/cards intuition.pdf
2010.11.29 12:04 B C:\Users\mel01\Documents\webdesign\psychicsong\cards\expression.pdf --> ftp.psychicsong.com /public_html/cards expression.pdf
2010.11.29 12:04 B C:\Users\mel01\Documents\webdesign\psychicsong\cards\selflove.pdf --> ftp.psychicsong.com /public_html/cards selflove.pdf
2010.11.29 12:04 B C:\Users\mel01\Documents\webdesign\psychicsong\cards\receive.pdf --> ftp.psychicsong.com /public_html/cards receive.pdf
2010.11.29 12:04 B C:\Users\mel01\Documents\webdesign\psychicsong\cards\love.pdf --> ftp.psychicsong.com /public_html/cards love.pdf
2010.11.29 12:04 B C:\Users\mel01\Documents\webdesign\psychicsong\cards\communication.pdf --> ftp.psychicsong.com /public_html/cards communication.pdf
2010.11.29 12:04 B C:\Users\mel01\Documents\webdesign\psychicsong\cards\joy.pdf --> ftp.psychicsong.com /public_html/cards joy.pdf
2010.11.29 12:04 B C:\Users\mel01\Documents\webdesign\psychicsong\cards\forgiveness.pdf --> ftp.psychicsong.com /public_html/cards forgiveness.pdf
2010.11.29 12:04 B C:\Users\mel01\Documents\webdesign\psychicsong\cards\creativity.pdf --> ftp.psychicsong.com /public_html/cards creativity.pdf
2010.11.29 12:04 B C:\Users\mel01\Documents\webdesign\psychicsong\cards\wellness.pdf --> ftp.psychicsong.com /public_html/cards wellness.pdf
2010.11.29 12:04 B C:\Users\mel01\Documents\webdesign\psychicsong\cards\passion.pdf --> ftp.psychicsong.com /public_html/cards passion.pdf
2010.11.29 12:04 B C:\Users\mel01\Documents\webdesign\psychicsong\cards\abundance.pdf --> ftp.psychicsong.com /public_html/cards abundance.pdf
2010.11.29 12:04 B C:\Users\mel01\Documents\webdesign\psychicsong\cards\strength.pdf --> ftp.psychicsong.com /public_html/cards strength.pdf
2010.11.29 12:04 B C:\Users\mel01\Documents\webdesign\psychicsong\cards\nurture.pdf --> ftp.psychicsong.com /public_html/cards nurture.pdf
2010.11.29 12:05 B C:\Users\mel01\Documents\webdesign\psychicsong\cards\intention.pdf --> ftp.psychicsong.com /public_html/cards intention.pdf
2010.11.29 12:05 B C:\Users\mel01\Documents\webdesign\psychicsong\cards\grounding.pdf --> ftp.psychicsong.com /public_html/cards grounding.pdf
2010.11.29 12:05 B C:\Users\mel01\Documents\webdesign\psychicsong\cards\balance.pdf --> ftp.psychicsong.com /public_html/cards balance.pdf
2010.11.29 12:42 B C:\Users\mel01\Documents\webdesign\psychicsong\cards\believe.gif --> ftp.psychicsong.com /public_html/cards believe.gif
2010.11.29 12:42 B C:\Users\mel01\Documents\webdesign\psychicsong\cards\connection.gif --> ftp.psychicsong.com /public_html/cards connection.gif
2010.11.29 12:43 B C:\Users\mel01\Documents\webdesign\psychicsong\cards\perception.gif --> ftp.psychicsong.com /public_html/cards perception.gif
2010.11.29 12:43 B C:\Users\mel01\Documents\webdesign\psychicsong\cards\insight.gif --> ftp.psychicsong.com /public_html/cards insight.gif
2010.11.29 12:43 B C:\Users\mel01\Documents\webdesign\psychicsong\cards\intuition.gif --> ftp.psychicsong.com /public_html/cards intuition.gif
2010.11.29 12:43 B C:\Users\mel01\Documents\webdesign\psychicsong\cards\expression.gif --> ftp.psychicsong.com /public_html/cards expression.gif
2010.11.29 12:43 B C:\Users\mel01\Documents\webdesign\psychicsong\cards\love.gif --> ftp.psychicsong.com /public_html/cards love.gif
2010.11.29 12:43 B C:\Users\mel01\Documents\webdesign\psychicsong\cards\communication.gif --> ftp.psychicsong.com /public_html/cards communication.gif
2010.11.29 12:43 B C:\Users\mel01\Documents\webdesign\psychicsong\cards\selflove.gif --> ftp.psychicsong.com /public_html/cards selflove.gif
2010.11.29 12:43 B C:\Users\mel01\Documents\webdesign\psychicsong\cards\receive.gif --> ftp.psychicsong.com /public_html/cards receive.gif
2010.11.29 12:43 B C:\Users\mel01\Documents\webdesign\psychicsong\cards\forgiveness.gif --> ftp.psychicsong.com /public_html/cards forgiveness.gif
2010.11.29 12:43 B C:\Users\mel01\Documents\webdesign\psychicsong\cards\creativity.gif --> ftp.psychicsong.com /public_html/cards creativity.gif
2010.11.29 12:43 B C:\Users\mel01\Documents\webdesign\psychicsong\cards\joy.gif --> ftp.psychicsong.com /public_html/cards joy.gif
2010.11.29 12:43 B C:\Users\mel01\Documents\webdesign\psychicsong\cards\wellness.gif --> ftp.psychicsong.com /public_html/cards wellness.gif
2010.11.29 12:43 B C:\Users\mel01\Documents\webdesign\psychicsong\cards\passion.gif --> ftp.psychicsong.com /public_html/cards passion.gif
2010.11.29 12:43 B C:\Users\mel01\Documents\webdesign\psychicsong\cards\abundance.gif --> ftp.psychicsong.com /public_html/cards abundance.gif
2010.11.29 12:43 B C:\Users\mel01\Documents\webdesign\psychicsong\cards\strength.gif --> ftp.psychicsong.com /public_html/cards strength.gif
2010.11.29 12:43 B C:\Users\mel01\Documents\webdesign\psychicsong\cards\nurture.gif --> ftp.psychicsong.com /public_html/cards nurture.gif
2010.11.29 12:43 B C:\Users\mel01\Documents\webdesign\psychicsong\cards\intention.gif --> ftp.psychicsong.com /public_html/cards intention.gif
2010.11.29 12:43 B C:\Users\mel01\Documents\webdesign\psychicsong\cards\grounding.gif --> ftp.psychicsong.com /public_html/cards grounding.gif
2010.11.29 12:43 B C:\Users\mel01\Documents\webdesign\psychicsong\cards\balance.gif --> ftp.psychicsong.com /public_html/cards balance.gif
