2010.12.07 18:15 B C:\Users\mel01\Documents\webdesign\psychicsong\cards\small\abundance.gif --> ftp.psychicsong.com /public_html/cards abundance.gif
2010.12.07 18:15 B C:\Users\mel01\Documents\webdesign\psychicsong\cards\small\balance.gif --> ftp.psychicsong.com /public_html/cards balance.gif
2010.12.07 18:15 B C:\Users\mel01\Documents\webdesign\psychicsong\cards\small\believe.gif --> ftp.psychicsong.com /public_html/cards believe.gif
2010.12.07 18:15 B C:\Users\mel01\Documents\webdesign\psychicsong\cards\small\communication.gif --> ftp.psychicsong.com /public_html/cards communication.gif
2010.12.07 18:15 B C:\Users\mel01\Documents\webdesign\psychicsong\cards\small\connection.gif --> ftp.psychicsong.com /public_html/cards connection.gif
2010.12.07 18:15 B C:\Users\mel01\Documents\webdesign\psychicsong\cards\small\creativity.gif --> ftp.psychicsong.com /public_html/cards creativity.gif
2010.12.07 18:15 B C:\Users\mel01\Documents\webdesign\psychicsong\cards\small\expression.gif --> ftp.psychicsong.com /public_html/cards expression.gif
2010.12.07 18:15 B C:\Users\mel01\Documents\webdesign\psychicsong\cards\small\forgiveness.gif --> ftp.psychicsong.com /public_html/cards forgiveness.gif
2010.12.07 18:15 B C:\Users\mel01\Documents\webdesign\psychicsong\cards\small\grounding.gif --> ftp.psychicsong.com /public_html/cards grounding.gif
2010.12.07 18:15 B C:\Users\mel01\Documents\webdesign\psychicsong\cards\small\insight.gif --> ftp.psychicsong.com /public_html/cards insight.gif
2010.12.07 18:15 B C:\Users\mel01\Documents\webdesign\psychicsong\cards\small\intention.gif --> ftp.psychicsong.com /public_html/cards intention.gif
2010.12.07 18:15 B C:\Users\mel01\Documents\webdesign\psychicsong\cards\small\intuition.gif --> ftp.psychicsong.com /public_html/cards intuition.gif
2010.12.07 18:15 B C:\Users\mel01\Documents\webdesign\psychicsong\cards\small\joy.gif --> ftp.psychicsong.com /public_html/cards joy.gif
2010.12.07 18:15 B C:\Users\mel01\Documents\webdesign\psychicsong\cards\small\love.gif --> ftp.psychicsong.com /public_html/cards love.gif
2010.12.07 18:15 B C:\Users\mel01\Documents\webdesign\psychicsong\cards\small\nurture.gif --> ftp.psychicsong.com /public_html/cards nurture.gif
2010.12.07 18:15 B C:\Users\mel01\Documents\webdesign\psychicsong\cards\small\passion.gif --> ftp.psychicsong.com /public_html/cards passion.gif
2010.12.07 18:15 B C:\Users\mel01\Documents\webdesign\psychicsong\cards\small\perception.gif --> ftp.psychicsong.com /public_html/cards perception.gif
2010.12.07 18:15 B C:\Users\mel01\Documents\webdesign\psychicsong\cards\small\receive.gif --> ftp.psychicsong.com /public_html/cards receive.gif
2010.12.07 18:15 B C:\Users\mel01\Documents\webdesign\psychicsong\cards\small\selflove.gif --> ftp.psychicsong.com /public_html/cards selflove.gif
2010.12.07 18:15 B C:\Users\mel01\Documents\webdesign\psychicsong\cards\small\strength.gif --> ftp.psychicsong.com /public_html/cards strength.gif
2010.12.07 18:15 B C:\Users\mel01\Documents\webdesign\psychicsong\cards\small\wellness.gif --> ftp.psychicsong.com /public_html/cards wellness.gif
