2010.12.20 08:30 B C:\Users\mel01\Documents\webdesign\psychicsong\cards\small\jpg\abundance.jpg --> ftp.psychicsong.com /public_html/cards abundance.jpg
2010.12.20 08:30 B C:\Users\mel01\Documents\webdesign\psychicsong\cards\small\jpg\balance.jpg --> ftp.psychicsong.com /public_html/cards balance.jpg
2010.12.20 08:30 B C:\Users\mel01\Documents\webdesign\psychicsong\cards\small\jpg\believe.jpg --> ftp.psychicsong.com /public_html/cards believe.jpg
2010.12.20 08:31 B C:\Users\mel01\Documents\webdesign\psychicsong\cards\small\jpg\communication.jpg --> ftp.psychicsong.com /public_html/cards communication.jpg
2010.12.20 08:31 B C:\Users\mel01\Documents\webdesign\psychicsong\cards\small\jpg\connection.jpg --> ftp.psychicsong.com /public_html/cards connection.jpg
2010.12.20 08:31 B C:\Users\mel01\Documents\webdesign\psychicsong\cards\small\jpg\creativity.jpg --> ftp.psychicsong.com /public_html/cards creativity.jpg
2010.12.20 08:31 B C:\Users\mel01\Documents\webdesign\psychicsong\cards\small\jpg\expression.jpg --> ftp.psychicsong.com /public_html/cards expression.jpg
2010.12.20 08:31 B C:\Users\mel01\Documents\webdesign\psychicsong\cards\small\jpg\forgiveness.jpg --> ftp.psychicsong.com /public_html/cards forgiveness.jpg
2010.12.20 08:31 B C:\Users\mel01\Documents\webdesign\psychicsong\cards\small\jpg\grounding.jpg --> ftp.psychicsong.com /public_html/cards grounding.jpg
2010.12.20 08:31 B C:\Users\mel01\Documents\webdesign\psychicsong\cards\small\jpg\insight.jpg --> ftp.psychicsong.com /public_html/cards insight.jpg
2010.12.20 08:31 B C:\Users\mel01\Documents\webdesign\psychicsong\cards\small\jpg\intention.jpg --> ftp.psychicsong.com /public_html/cards intention.jpg
2010.12.20 08:31 B C:\Users\mel01\Documents\webdesign\psychicsong\cards\small\jpg\intocard.jpg --> ftp.psychicsong.com /public_html/cards intocard.jpg
2010.12.20 08:31 B C:\Users\mel01\Documents\webdesign\psychicsong\cards\small\jpg\invitation.jpg --> ftp.psychicsong.com /public_html/cards invitation.jpg
2010.12.20 08:31 B C:\Users\mel01\Documents\webdesign\psychicsong\cards\small\jpg\joy.jpg --> ftp.psychicsong.com /public_html/cards joy.jpg
2010.12.20 08:31 B C:\Users\mel01\Documents\webdesign\psychicsong\cards\small\jpg\love.jpg --> ftp.psychicsong.com /public_html/cards love.jpg
2010.12.20 08:31 B C:\Users\mel01\Documents\webdesign\psychicsong\cards\small\jpg\nuture.jpg --> ftp.psychicsong.com /public_html/cards nuture.jpg
2010.12.20 08:31 B C:\Users\mel01\Documents\webdesign\psychicsong\cards\small\jpg\passion.jpg --> ftp.psychicsong.com /public_html/cards passion.jpg
2010.12.20 08:31 B C:\Users\mel01\Documents\webdesign\psychicsong\cards\small\jpg\perception.jpg --> ftp.psychicsong.com /public_html/cards perception.jpg
2010.12.20 08:31 B C:\Users\mel01\Documents\webdesign\psychicsong\cards\small\jpg\receive.jpg --> ftp.psychicsong.com /public_html/cards receive.jpg
2010.12.20 08:31 B C:\Users\mel01\Documents\webdesign\psychicsong\cards\small\jpg\selflove.jpg --> ftp.psychicsong.com /public_html/cards selflove.jpg
2010.12.20 08:31 B C:\Users\mel01\Documents\webdesign\psychicsong\cards\small\jpg\strength.jpg --> ftp.psychicsong.com /public_html/cards strength.jpg
2010.12.20 08:31 B C:\Users\mel01\Documents\webdesign\psychicsong\cards\small\jpg\wellness.jpg --> ftp.psychicsong.com /public_html/cards wellness.jpg
2010.12.20 08:36 B C:\Users\mel01\Documents\webdesign\psychicsong\cards\small\jpg\abundance.jpg --> ftp.psychicsong.com /public_html/cards abundance.jpg
2010.12.20 08:36 B C:\Users\mel01\Documents\webdesign\psychicsong\cards\small\jpg\balance.jpg --> ftp.psychicsong.com /public_html/cards balance.jpg
2010.12.20 08:36 B C:\Users\mel01\Documents\webdesign\psychicsong\cards\small\jpg\believe.jpg --> ftp.psychicsong.com /public_html/cards believe.jpg
2010.12.20 08:36 B C:\Users\mel01\Documents\webdesign\psychicsong\cards\small\jpg\communication.jpg --> ftp.psychicsong.com /public_html/cards communication.jpg
2010.12.20 08:36 B C:\Users\mel01\Documents\webdesign\psychicsong\cards\small\jpg\connection.jpg --> ftp.psychicsong.com /public_html/cards connection.jpg
2010.12.20 08:36 B C:\Users\mel01\Documents\webdesign\psychicsong\cards\small\jpg\creativity.jpg --> ftp.psychicsong.com /public_html/cards creativity.jpg
2010.12.20 08:36 B C:\Users\mel01\Documents\webdesign\psychicsong\cards\small\jpg\expression.jpg --> ftp.psychicsong.com /public_html/cards expression.jpg
2010.12.20 08:36 B C:\Users\mel01\Documents\webdesign\psychicsong\cards\small\jpg\forgiveness.jpg --> ftp.psychicsong.com /public_html/cards forgiveness.jpg
2010.12.20 08:36 B C:\Users\mel01\Documents\webdesign\psychicsong\cards\small\jpg\grounding.jpg --> ftp.psychicsong.com /public_html/cards grounding.jpg
2010.12.20 08:36 B C:\Users\mel01\Documents\webdesign\psychicsong\cards\small\jpg\insight.jpg --> ftp.psychicsong.com /public_html/cards insight.jpg
2010.12.20 08:36 B C:\Users\mel01\Documents\webdesign\psychicsong\cards\small\jpg\intention.jpg --> ftp.psychicsong.com /public_html/cards intention.jpg
2010.12.20 08:36 B C:\Users\mel01\Documents\webdesign\psychicsong\cards\small\jpg\introcard.jpg --> ftp.psychicsong.com /public_html/cards introcard.jpg
2010.12.20 08:36 B C:\Users\mel01\Documents\webdesign\psychicsong\cards\small\jpg\invitation.jpg --> ftp.psychicsong.com /public_html/cards invitation.jpg
2010.12.20 08:36 B C:\Users\mel01\Documents\webdesign\psychicsong\cards\small\jpg\joy.jpg --> ftp.psychicsong.com /public_html/cards joy.jpg
2010.12.20 08:36 B C:\Users\mel01\Documents\webdesign\psychicsong\cards\small\jpg\love.jpg --> ftp.psychicsong.com /public_html/cards love.jpg
2010.12.20 08:36 B C:\Users\mel01\Documents\webdesign\psychicsong\cards\small\jpg\nuture.jpg --> ftp.psychicsong.com /public_html/cards nuture.jpg
2010.12.20 08:36 B C:\Users\mel01\Documents\webdesign\psychicsong\cards\small\jpg\passion.jpg --> ftp.psychicsong.com /public_html/cards passion.jpg
2010.12.20 08:36 B C:\Users\mel01\Documents\webdesign\psychicsong\cards\small\jpg\perception.jpg --> ftp.psychicsong.com /public_html/cards perception.jpg
2010.12.20 08:36 B C:\Users\mel01\Documents\webdesign\psychicsong\cards\small\jpg\receive.jpg --> ftp.psychicsong.com /public_html/cards receive.jpg
2010.12.20 08:36 B C:\Users\mel01\Documents\webdesign\psychicsong\cards\small\jpg\selflove.jpg --> ftp.psychicsong.com /public_html/cards selflove.jpg
2010.12.20 08:36 B C:\Users\mel01\Documents\webdesign\psychicsong\cards\small\jpg\strength.jpg --> ftp.psychicsong.com /public_html/cards strength.jpg
2010.12.20 08:36 B C:\Users\mel01\Documents\webdesign\psychicsong\cards\small\jpg\wellness.jpg --> ftp.psychicsong.com /public_html/cards wellness.jpg
2010.12.20 08:43 B C:\Users\mel01\Documents\webdesign\psychicsong\cards\small\jpg\abundance.jpg --> ftp.psychicsong.com /public_html/cards abundance.jpg
2010.12.20 08:43 B C:\Users\mel01\Documents\webdesign\psychicsong\cards\small\jpg\balance.jpg --> ftp.psychicsong.com /public_html/cards balance.jpg
2010.12.20 08:43 B C:\Users\mel01\Documents\webdesign\psychicsong\cards\small\jpg\believe.jpg --> ftp.psychicsong.com /public_html/cards believe.jpg
2010.12.20 08:43 B C:\Users\mel01\Documents\webdesign\psychicsong\cards\small\jpg\communication.jpg --> ftp.psychicsong.com /public_html/cards communication.jpg
2010.12.20 08:43 B C:\Users\mel01\Documents\webdesign\psychicsong\cards\small\jpg\connection.jpg --> ftp.psychicsong.com /public_html/cards connection.jpg
2010.12.20 08:43 B C:\Users\mel01\Documents\webdesign\psychicsong\cards\small\jpg\creativity.jpg --> ftp.psychicsong.com /public_html/cards creativity.jpg
2010.12.20 08:43 B C:\Users\mel01\Documents\webdesign\psychicsong\cards\small\jpg\expression.jpg --> ftp.psychicsong.com /public_html/cards expression.jpg
2010.12.20 08:43 B C:\Users\mel01\Documents\webdesign\psychicsong\cards\small\jpg\forgiveness.jpg --> ftp.psychicsong.com /public_html/cards forgiveness.jpg
2010.12.20 08:43 B C:\Users\mel01\Documents\webdesign\psychicsong\cards\small\jpg\grounding.jpg --> ftp.psychicsong.com /public_html/cards grounding.jpg
2010.12.20 08:43 B C:\Users\mel01\Documents\webdesign\psychicsong\cards\small\jpg\insight.jpg --> ftp.psychicsong.com /public_html/cards insight.jpg
2010.12.20 08:43 B C:\Users\mel01\Documents\webdesign\psychicsong\cards\small\jpg\intention.jpg --> ftp.psychicsong.com /public_html/cards intention.jpg
2010.12.20 08:43 B C:\Users\mel01\Documents\webdesign\psychicsong\cards\small\jpg\introcard.jpg --> ftp.psychicsong.com /public_html/cards introcard.jpg
2010.12.20 08:43 B C:\Users\mel01\Documents\webdesign\psychicsong\cards\small\jpg\invitation.jpg --> ftp.psychicsong.com /public_html/cards invitation.jpg
2010.12.20 08:43 B C:\Users\mel01\Documents\webdesign\psychicsong\cards\small\jpg\joy.jpg --> ftp.psychicsong.com /public_html/cards joy.jpg
2010.12.20 08:43 B C:\Users\mel01\Documents\webdesign\psychicsong\cards\small\jpg\love.jpg --> ftp.psychicsong.com /public_html/cards love.jpg
2010.12.20 08:43 B C:\Users\mel01\Documents\webdesign\psychicsong\cards\small\jpg\nuture.jpg --> ftp.psychicsong.com /public_html/cards nuture.jpg
2010.12.20 08:43 B C:\Users\mel01\Documents\webdesign\psychicsong\cards\small\jpg\passion.jpg --> ftp.psychicsong.com /public_html/cards passion.jpg
2010.12.20 08:43 B C:\Users\mel01\Documents\webdesign\psychicsong\cards\small\jpg\perception.jpg --> ftp.psychicsong.com /public_html/cards perception.jpg
2010.12.20 08:43 B C:\Users\mel01\Documents\webdesign\psychicsong\cards\small\jpg\receive.jpg --> ftp.psychicsong.com /public_html/cards receive.jpg
2010.12.20 08:44 B C:\Users\mel01\Documents\webdesign\psychicsong\cards\small\jpg\selflove.jpg --> ftp.psychicsong.com /public_html/cards selflove.jpg
2010.12.20 08:44 B C:\Users\mel01\Documents\webdesign\psychicsong\cards\small\jpg\strength.jpg --> ftp.psychicsong.com /public_html/cards strength.jpg
2010.12.20 08:44 B C:\Users\mel01\Documents\webdesign\psychicsong\cards\small\jpg\wellness.jpg --> ftp.psychicsong.com /public_html/cards wellness.jpg
